2019-09-02 13:19:35 WARN Log4jDemoProgram:12 - Warn Message!
2019-09-02 13:19:35 ERROR Log4jDemoProgram:13 - Error Message!
2019-09-02 13:19:35 FATAL Log4jDemoProgram:14 - Fatal Message!
2019-09-02 13:19:54 WARN Log4jDemoProgram:12 - Warn Message!
2019-09-02 13:19:54 ERROR Log4jDemoProgram:13 - Error Message!
2019-09-02 13:19:54 FATAL Log4jDemoProgram:14 - Fatal Message!
2019-09-02 13:20:48 WARN  Log4jDemoProgram:12 - Warn Message!
2019-09-02 13:20:48 ERROR Log4jDemoProgram:13 - Error Message!
2019-09-02 13:20:48 FATAL Log4jDemoProgram:14 - Fatal Message!
2019-09-02 13:21:59 TRACE Log4jDemoProgram:9 - Trace Message!
2019-09-02 13:21:59 DEBUG Log4jDemoProgram:10 - Debug Message!
2019-09-02 13:21:59 INFO  Log4jDemoProgram:11 - Info Message!
2019-09-02 13:21:59 WARN  Log4jDemoProgram:12 - Warn Message!
2019-09-02 13:21:59 ERROR Log4jDemoProgram:13 - Error Message!
2019-09-02 13:21:59 FATAL Log4jDemoProgram:14 - Fatal Message!
2020-02-03 21:58:07 TRACE Log4jDemoProgram:9 - Trace Message!
2020-02-03 21:58:07 DEBUG Log4jDemoProgram:10 - Debug Message!
2020-02-03 21:58:07 INFO  Log4jDemoProgram:11 - Info Message!
2020-02-03 21:58:07 WARN  Log4jDemoProgram:12 - Warn Message!
2020-02-03 21:58:07 ERROR Log4jDemoProgram:13 - Error Message!
2020-02-03 21:58:07 FATAL Log4jDemoProgram:14 - Fatal Message!
2020-02-03 22:14:43 TRACE Log4jDemoProgram:9 - Trace Message!
2020-02-03 22:14:43 DEBUG Log4jDemoProgram:10 - Debug Message!
2020-02-03 22:14:43 INFO  Log4jDemoProgram:11 - Info Message!
2020-02-03 22:14:43 WARN  Log4jDemoProgram:12 - Warn Message!
2020-02-03 22:14:43 ERROR Log4jDemoProgram:13 - Error Message!
2020-02-03 22:14:43 FATAL Log4jDemoProgram:14 - Fatal Message!
2020-02-03 22:15:00 TRACE Log4jDemoProgram:9 - Trace Message!
2020-02-03 22:15:00 DEBUG Log4jDemoProgram:10 - Debug Message!
2020-02-03 22:15:00 INFO  Log4jDemoProgram:11 - Info Message!
2020-02-03 22:15:00 WARN  Log4jDemoProgram:12 - Warn Message!
2020-02-03 22:15:00 ERROR Log4jDemoProgram:13 - Error Message!
2020-02-03 22:15:00 FATAL Log4jDemoProgram:14 - Fatal Message!
2020-02-03 22:15:23 TRACE Log4jDemoProgram:9 - Trace Message!
2020-02-03 22:15:23 DEBUG Log4jDemoProgram:10 - Debug Message!
2020-02-03 22:15:23 INFO  Log4jDemoProgram:11 - Info Message!
2020-02-03 22:15:23 WARN  Log4jDemoProgram:12 - Warn Message!
2020-02-03 22:15:23 ERROR Log4jDemoProgram:13 - Error Message!
2020-02-03 22:15:23 FATAL Log4jDemoProgram:14 - Fatal Message!
2020-02-03 22:29:29 TRACE Log4jDemoProgram:9 - Trace Message!
2020-02-03 22:29:29 DEBUG Log4jDemoProgram:10 - Debug Message!
2020-02-03 22:29:29 INFO  Log4jDemoProgram:11 - Info Message!
2020-02-03 22:29:29 WARN  Log4jDemoProgram:12 - Warn Message!
2020-02-03 22:29:29 ERROR Log4jDemoProgram:13 - Error Message!
2020-02-03 22:29:29 FATAL Log4jDemoProgram:14 - Fatal Message!
